<?xml version="1.0" encoding="UTF-8"?>
<testng-results skipped="0" failed="0" ignored="0" total="1" passed="1">
  <reporter-output>
  </reporter-output>
  <suite name="Default suite" duration-ms="13530" started-at="2023-05-18T15:04:32 IST" finished-at="2023-05-18T15:04:46 IST">
    <groups>
    </groups>
    <test name="Default test" duration-ms="13530" started-at="2023-05-18T15:04:32 IST" finished-at="2023-05-18T15:04:46 IST">
      <class name="com.jenkins.wipro.testcase2">
        <test-method status="PASS" signature="tc1()[pri:0, instance:com.jenkins.wipro.testcase2@7ce6a65d]" name="tc1" duration-ms="13481" started-at="2023-05-18T15:04:32 IST" finished-at="2023-05-18T15:04:46 IST">
          <reporter-output>
          </reporter-output>
        </test-method> <!-- tc1 -->
      </class> <!-- com.jenkins.wipro.testcase2 -->
    </test> <!-- Default test -->
  </suite> <!-- Default suite -->
</testng-results>
